hp-check[1769]: info: :
hp-check[1769]: info: :[01mHP Linux Imaging and Printing System (ver. 3.14.3)[0m
hp-check[1769]: info: :[01mDependency/Version Check Utility ver. 15.1[0m
hp-check[1769]: info: :
hp-check[1769]: info: :Copyright (c) 2001-13 Hewlett-Packard Development Company, LP
hp-check[1769]: info: :This software comes with ABSOLUTELY NO WARRANTY.
hp-check[1769]: info: :This is free software, and you are welcome to distribute it
hp-check[1769]: info: :under certain conditions. See COPYING file for more details.
hp-check[1769]: info: :
hp-check[1769]: info: :[01mNote: hp-check can be run in three modes:[0m
hp-check[1769]: info: :1. Compile-time check mode (-c or --compile): Use this mode before compiling the
hp-check[1769]: info: :HPLIP supplied tarball (.tar.gz or .run) to determine if the proper dependencies
hp-check[1769]: info: :are installed to successfully compile HPLIP.                                    
hp-check[1769]: info: :2. Run-time check mode (-r or --run): Use this mode to determine if a distro    
hp-check[1769]: info: :supplied package (.deb, .rpm, etc) or an already built HPLIP supplied tarball   
hp-check[1769]: info: :has the proper dependencies installed to successfully run.                      
hp-check[1769]: info: :3. Both compile- and run-time check mode (-b or --both) (Default): This mode    
hp-check[1769]: info: :will check both of the above cases (both compile- and run-time dependencies).   
hp-check[1769]: info: :
hp-check[1769]: info: :Check types:                                                                    
hp-check[1769]: info: :a. EXTERNALDEP - External Dependencies                                          
hp-check[1769]: info: :b. GENERALDEP - General Dependencies (required both at compile and run time)    
hp-check[1769]: info: :c. COMPILEDEP - Compile time Dependencies                                       
hp-check[1769]: info: :d. [All are run-time checks]                                                    
hp-check[1769]: info: :PYEXT SCANCONF QUEUES PERMISSION                                                
hp-check[1769]: info: :
hp-check[1769]: info: :Status Types:
hp-check[1769]: info: :    OK
hp-check[1769]: info: :    MISSING       - Missing Dependency or Permission or Plug-in
hp-check[1769]: info: :    INCOMPAT      - Incompatible dependency-version or Plugin-version
hp-check[1769]: info: :
warning: [01mubuntu-14.04 version is not supported. Using ubuntu-13.10 versions dependencies to verify and install...[0m
hp-check[1769]: info: :
hp-check[1769]: info: :---------------
hp-check[1769]: info: :| SYSTEM INFO |
hp-check[1769]: info: :---------------
hp-check[1769]: info: :
hp-check[1769]: info: : Kernel: 3.13.0-43-lowlatency #72-Ubuntu SMP PREEMPT Mon Dec 8 20:00:12 UTC 2014 GNU/Linux
 Host: eric-desktop
 Proc: 3.13.0-43-lowlatency #72-Ubuntu SMP PREEMPT Mon Dec 8 20:00:12 UTC 2014 GNU/Linux
 Distribution: ubuntu 14.04
hp-check[1769]: info: : Bitness: 64 bit

hp-check[1769]: info: :
hp-check[1769]: info: :-----------------------
hp-check[1769]: info: :| HPLIP CONFIGURATION |
hp-check[1769]: info: :-----------------------
hp-check[1769]: info: :
hp-check[1769]: info: :HPLIP-Version: HPLIP 3.14.3
hp-check[1769]: info: :HPLIP-Home: /usr/share/hplip
warning: HPLIP-Installation: Auto installation is not supported for ubuntu distro  14.04 version 
hp-check[1769]: info: :
hp-check[1769]: info: :[01mCurrent contents of '/etc/hp/hplip.conf' file:[0m
hp-check[1769]: info: :# hplip.conf.  Generated from hplip.conf.in by configure.

[hplip]
version=3.14.3

[dirs]
home=/usr/share/hplip
run=/var/run
ppd=/usr/share/ppd/hplip/HP
ppdbase=/usr/share/ppd/hplip
doc=/usr/share/doc/hplip-doc/HTML
html=/usr/share/doc/hplip-3.14.3
icon=no
cupsbackend=/usr/lib/cups/backend
cupsfilter=/usr/lib/cups/filter
drv=/usr/share/cups/drv
bin=/usr/bin

# Following values are determined at configure time and cannot be changed.
[configure]
network-build=yes
libusb01-build=no
pp-build=yes
gui-build=yes
scanner-build=yes
fax-build=yes
dbus-build=yes
cups11-build=no
doc-build=yes
shadow-build=no
hpijs-install=yes
foomatic-drv-install=yes
foomatic-ppd-install=yes
foomatic-rip-hplip-install=no
hpcups-install=yes
cups-drv-install=yes
cups-ppd-install=no
internal-tag=3.14.3
restricted-build=no
ui-toolkit=qt4
qt3=no
qt4=yes
policy-kit=yes
lite-build=no
udev_sysfs_rules=no
hpcups-only-build=no
hpijs-only-build=no

hp-check[1769]: info: :
hp-check[1769]: info: :[01mCurrent contents of '/var/lib/hp/hplip.state' file:[0m
hp-check[1769]: info: :Plugins are not installed. Could not access file: No such file or directory
hp-check[1769]: info: :
hp-check[1769]: info: :[01mCurrent contents of '~/.hplip/hplip.conf' file:[0m
hp-check[1769]: info: :[last_used]
device_uri = hp:/usb/Deskjet_1010_series?serial=CN3A818MSP05S8
printer_name = 
working_dir = .

[settings]
systray_visible = 0
systray_messages = 0

[commands]
scan = /usr/bin/simple-scan %SANE_URI%

[refresh]
rate = 30
enable = false
type = 1

[polling]
enable = false
interval = 5
device_list = 

[fax]
voice_phone = 
email_address = 

[upgrade]
notify_upgrade = false
last_upgraded_time = 1420389195.38704
pending_upgrade_time = 0

[installation]
date_time = 01/04/2015 11:49:48
version = 3.14.3


hp-check[1769]: info: : <Package-name>        <Package-Desc>      <Required/Optional> <Min-Version> <Installed-Version> <Status>   <Comment>
hp-check[1769]: info: :
hp-check[1769]: info: :--------------------------
hp-check[1769]: info: :|  External Dependencies |
hp-check[1769]: info: :--------------------------
hp-check[1769]: info: :
hp-check[1769]: info: : policykit            Admin-Policy-framework    OPTIONAL        -               0.105           OK         -
hp-check[1769]: info: : gs                   Ghostscript               REQUIRED        7.05            9.10            OK         -
hp-check[1769]: info: : network              Network-wget              OPTIONAL        -               1.15            OK         -
hp-check[1769]: info: : scanimage            Shell-Scanning            OPTIONAL        1.0             1.0.23          OK         -
hp-check[1769]: info: : avahi-utils          avahi-utils               OPTIONAL        -               0.6.31          OK         -
hp-check[1769]: info: : dbus                 DBus                      REQUIRED        -               1.6.18          OK         -
hp-check[1769]: info: : cups                 CUPS                      REQUIRED        1.1             1.7.2           OK         'CUPS Scheduler is running'
hp-check[1769]: info: : xsane                SANE-GUI                  OPTIONAL        0.9             0.998           OK         -
hp-check[1769]: info: :
hp-check[1769]: info: :-------------------------
hp-check[1769]: info: :|  General Dependencies |
hp-check[1769]: info: :-------------------------
hp-check[1769]: info: :
hp-check[1769]: info: : reportlab            Python-PDF-Lib            OPTIONAL        2.0             3.0             OK         -
hp-check[1769]: info: : libcrypto            OpenSSL-Crypto-Lib        REQUIRED        -               1.0.1           OK         -
hp-check[1769]: info: : pil                  Python-Image-Lib          OPTIONAL        -               1.1.7           OK         -
hp-check[1769]: info: : pyqt4-dbus           PyQt4-DBUS                REQUIRED        4.0             4.10.4          OK         -
hp-check[1769]: info: : libjpeg              JPEG-Lib                  REQUIRED        -               -               OK         -
hp-check[1769]: info: : libpthread           POSIX-Threads-Lib         REQUIRED        -               2.19            OK         -
hp-check[1769]: info: : python-dbus          Python-DBUS               REQUIRED        0.80.0          1.2.0           OK         -
hp-check[1769]: info: : python-devel         Python-SDK                REQUIRED        2.2             2.7.6           OK         -
hp-check[1769]: info: : pyqt4                Python-Qt4                REQUIRED        4.0             4.10.4          OK         -
hp-check[1769]: info: : cups-devel           CUPS-SDK                  REQUIRED        -               1.7.2           OK         -
hp-check[1769]: info: : sane-devel           SANE-SDK                  REQUIRED        -               1.0.23          OK         -
hp-check[1769]: info: : libusb               USB-Lib                   REQUIRED        -               1.0             OK         -
hp-check[1769]: info: : sane                 Scan-Lib                  REQUIRED        -               1.0.23          OK         -
hp-check[1769]: info: : cups-image           CUPS-Image-Lib            REQUIRED        -               1.7.2           OK         -
hp-check[1769]: info: : libnetsnmp-devel     SNMP-Networking-SDK       REQUIRED        5.0.9           5.7.2           OK         -
hp-check[1769]: info: : python-xml           Python-XML-Lib            REQUIRED        -               2.1.0           OK         -
hp-check[1769]: info: : python-notify        Desktop-notifications     OPTIONAL        -               -               OK         -
hp-check[1769]: info: :
hp-check[1769]: info: :------------------------------
hp-check[1769]: info: :|  Compile Time Dependencies |
hp-check[1769]: info: :------------------------------
hp-check[1769]: info: :
hp-check[1769]: info: : gcc                  gcc-Compiler              REQUIRED        -               4.8.2           OK         -
hp-check[1769]: info: : libtool              Build-tools               REQUIRED        -               2.4.2           OK         -
hp-check[1769]: info: : make                 GNU-Build-tools           REQUIRED        3.0             3.81            OK         -
hp-check[1769]: info: :
hp-check[1769]: info: :----------------------
hp-check[1769]: info: :|  Python Extentions |
hp-check[1769]: info: :----------------------
hp-check[1769]: info: :
hp-check[1769]: info: : cupsext              CUPS-Extension            REQUIRED        -               3.14.3          OK         -
hp-check[1769]: info: : pcardext             PhotoCard-Extension       REQUIRED        -               3.14.3          OK         -
hp-check[1769]: info: : hpmudext             IO-Extension              REQUIRED        -               3.14.3          OK         -
hp-check[1769]: info: :
hp-check[1769]: info: :-----------------------
hp-check[1769]: info: :|  Scan Configuration |
hp-check[1769]: info: :-----------------------
hp-check[1769]: info: :
hp-check[1769]: info: : hpaio                HPLIP-SANE-Backend        REQUIRED        -               3.14.3          OK         'hpaio found in /etc/sane.d/dll.conf'
hp-check[1769]: info: : scanext              Scan-SANE-Extension       REQUIRED        -               3.14.3          OK         -
hp-check[1769]: info: :
hp-check[1769]: info: :------------------------------
hp-check[1769]: info: :| DISCOVERED SCANNER DEVICES |
hp-check[1769]: info: :------------------------------
hp-check[1769]: info: :
hp-check[1769]: info: :No Scanner found.
hp-check[1769]: info: :
hp-check[1769]: info: :--------------------------
hp-check[1769]: info: :| DISCOVERED USB DEVICES |
hp-check[1769]: info: :--------------------------
hp-check[1769]: info: :
hp-check[1769]: info: :  Device URI                        Model                 
hp-check[1769]: info: :  --------------------------------  ----------------------
hp-check[1769]: info: :  hp:/usb/Deskjet_1010_series?seri  HP Deskjet 1010 series
  al=CN3A818MSP05S8                                       
hp-check[1769]: info: :
hp-check[1769]: info: :---------------------------------
hp-check[1769]: info: :| INSTALLED CUPS PRINTER QUEUES |
hp-check[1769]: info: :---------------------------------
hp-check[1769]: info: :
hp-check[1769]: info: :
hp-check[1769]: info: :[01mDeskjet_1010[0m
hp-check[1769]: info: :[01m------------[0m
hp-check[1769]: info: :Type: Printer
hp-check[1769]: info: :Device URI: hp:/usb/Deskjet_1010_series?serial=CN3A818MSP05S8
hp-check[1769]: info: :PPD: /etc/cups/ppd/Deskjet_1010.ppd
hp-check[1769]: info: :PPD Description: HP Deskjet 1010 Series, hpcups 3.14.3
hp-check[1769]: info: :Printer status: printer Deskjet_1010 is idle.  enabled since Sun 04 Jan 2015 11:33:43 AM EST	ready to print
hp-check[1769]: info: :Communication status: Good
hp-check[1769]: info: :
hp-check[1769]: info: :[01mofficejet_5500[0m
hp-check[1769]: info: :[01m--------------[0m
hp-check[1769]: info: :Type: Printer
hp-check[1769]: info: :Device URI: hp:/usb/officejet_5500_series?serial=MY48RG20R296
hp-check[1769]: info: :PPD: /etc/cups/ppd/officejet_5500.ppd
hp-check[1769]: info: :PPD Description: HP Officejet 5500 Series, hpcups 3.14.3
hp-check[1769]: info: :Printer status: printer officejet_5500 is idle.  enabled since Thu 06 Mar 2014 05:01:49 PM EST
error: Unable to communicate with device (code=12): hp:/usb/officejet_5500_series?serial=MY48RG20R296
error: Device not found
error: Communication status: Failed
hp-check[1769]: info: :
hp-check[1769]: info: :[01mofficejet_5500_fax[0m
hp-check[1769]: info: :[01m------------------[0m
hp-check[1769]: info: :Type: Fax
hp-check[1769]: info: :Device URI: hpfax:/usb/officejet_5500_series?serial=MY48RG20R296
hp-check[1769]: info: :PPD: /etc/cups/ppd/officejet_5500_fax.ppd
hp-check[1769]: info: :PPD Description: HP Fax hpcups
hp-check[1769]: info: :Printer status: printer officejet_5500_fax is idle.  enabled since Thu 06 Mar 2014 05:01:49 PM EST
error: Unable to communicate with device (code=12): hpfax:/usb/officejet_5500_series?serial=MY48RG20R296
error: Device not found
error: Communication status: Failed
hp-check[1769]: info: :
hp-check[1769]: info: :
hp-check[1769]: info: :--------------
hp-check[1769]: info: :| PERMISSION |
hp-check[1769]: info: :--------------
hp-check[1769]: info: :
hp-check[1769]: info: :USB             Deskjet_1010                   Required        -        -        OK       Node:'/dev/bus/usb/001/006' Perm:'  root  lp rw- rw- rw- rw- r--'
hp-check[1769]: info: :
hp-check[1769]: info: :-----------
hp-check[1769]: info: :| SUMMARY |
hp-check[1769]: info: :-----------
hp-check[1769]: info: :
hp-check[1769]: info: :[01mMissing Required Dependencies[0m
hp-check[1769]: info: :[01m-----------------------------[0m
hp-check[1769]: info: :None
hp-check[1769]: info: :
hp-check[1769]: info: :[01mMissing Optional Dependencies[0m
hp-check[1769]: info: :[01m-----------------------------[0m
hp-check[1769]: info: :None

hp-check[1769]: info: :
hp-check[1769]: info: :Total Errors: 2
hp-check[1769]: info: :Total Warnings: 0
hp-check[1769]: info: :
hp-check[1769]: info: :
hp-check[1769]: info: :Done.
